<?xml version="1.0" encoding="UTF-8"?>
<!-- Generated by org.testng.reporters.JUnitReportReporter -->
<testsuite hostname="jakub-VirtualBox" name="Robot.JakubTest" tests="1" failures="0" timestamp="17 Mar 2016 15:16:56 GMT" time="0.017" errors="0">
  <testcase name="test" time="0.017" classname="Robot.JakubTest"/>
</testsuite> <!-- Robot.JakubTest -->
